c:\users\pauli\desktop\simulacionfisicavideojuegos\skeleton\release\particle.obj
c:\users\pauli\desktop\simulacionfisicavideojuegos\skeleton\release\particlesystem.obj
c:\users\pauli\desktop\simulacionfisicavideojuegos\skeleton\release\render.obj
c:\users\pauli\desktop\simulacionfisicavideojuegos\skeleton\release\gaussianparticlegenerator.obj
c:\users\pauli\desktop\simulacionfisicavideojuegos\skeleton\release\proyectil.obj
c:\users\pauli\desktop\simulacionfisicavideojuegos\skeleton\release\main.obj
c:\users\pauli\desktop\simulacionfisicavideojuegos\skeleton\release\renderutils.obj
c:\users\pauli\desktop\simulacionfisicavideojuegos\skeleton\release\callbacks.obj
c:\users\pauli\desktop\simulacionfisicavideojuegos\skeleton\release\particlegenerator.obj
c:\users\pauli\desktop\simulacionfisicavideojuegos\skeleton\release\camera.obj
c:\users\pauli\desktop\simulacionfisicavideojuegos\bin\game.pdb
c:\users\pauli\desktop\simulacionfisicavideojuegos\skeleton\release\uniformparticlegenerator.obj
c:\users\pauli\desktop\simulacionfisicavideojuegos\skeleton\release\firework.obj
c:\users\pauli\desktop\simulacionfisicavideojuegos\skeleton\release\particleforceregistry.obj
c:\users\pauli\desktop\simulacionfisicavideojuegos\skeleton\release\whirlwindforcegenerator.obj
c:\users\pauli\desktop\simulacionfisicavideojuegos\skeleton\release\explosionforcegenerator.obj
c:\users\pauli\desktop\simulacionfisicavideojuegos\skeleton\release\gravityforcegenerator.obj
c:\users\pauli\desktop\simulacionfisicavideojuegos\skeleton\release\windforcegenerator.obj
c:\users\pauli\desktop\simulacionfisicavideojuegos\skeleton\release\circleparticlegenerator.obj
c:\users\pauli\desktop\simulacionfisicavideojuegos\skeleton\release\planeparticlegenerator.obj
c:\users\pauli\desktop\simulacionfisicavideojuegos\skeleton\release\sphereparticlegenerator.obj
c:\users\pauli\desktop\simulacionfisicavideojuegos\skeleton\release\particledraggenerator.obj
c:\users\pauli\desktop\simulacionfisicavideojuegos\skeleton\release\buoyancyforcegenerator.obj
c:\users\pauli\desktop\simulacionfisicavideojuegos\skeleton\release\rbsystem.obj
c:\users\pauli\desktop\simulacionfisicavideojuegos\skeleton\release\springforcegenerator.obj
c:\users\pauli\desktop\simulacionfisicavideojuegos\skeleton\release\uniformrbgenerator.obj
c:\users\pauli\desktop\simulacionfisicavideojuegos\skeleton\release\particlebungee.obj
c:\users\pauli\desktop\simulacionfisicavideojuegos\skeleton\release\anchoredspringforcegenerator.obj
c:\users\pauli\desktop\simulacionfisicavideojuegos\skeleton\release\rbparticle.obj
c:\users\pauli\desktop\simulacionfisicavideojuegos\bin\game.exe
c:\users\pauli\desktop\simulacionfisicavideojuegos\skeleton\../bin/game.exe
c:\users\pauli\desktop\simulacionfisicavideojuegos\skeleton\release\game.tlog\cl.command.1.tlog
c:\users\pauli\desktop\simulacionfisicavideojuegos\skeleton\release\game.tlog\cl.read.1.tlog
c:\users\pauli\desktop\simulacionfisicavideojuegos\skeleton\release\game.tlog\cl.write.1.tlog
c:\users\pauli\desktop\simulacionfisicavideojuegos\skeleton\release\game.tlog\link.command.1.tlog
c:\users\pauli\desktop\simulacionfisicavideojuegos\skeleton\release\game.tlog\link.read.1.tlog
c:\users\pauli\desktop\simulacionfisicavideojuegos\skeleton\release\game.tlog\link.write.1.tlog
